<?xml version="1.0" encoding="UTF-8"?>
<testsuite xmlns:xsi="http://www.w3.org/2001/XMLSchema-instance" xsi:noNamespaceSchemaLocation="https://maven.apache.org/surefire/maven-surefire-plugin/xsd/surefire-test-report.xsd" name="contact.TestDepartment" time="4.321" tests="10" errors="0" skipped="0" failures="0">
  <properties>
[...]
</properties>
  <testcase name="creatDepartByChinese" classname="contact.TestDepartment" time="1.132"/>
  <testcase name="creatDepartByMap" classname="contact.TestDepartment" time="0.315"/>
  <testcase name="createDepartbyDataSource{String}[1]" classname="contact.TestDepartment" time="0.386"/>
  <testcase name="createDepartbyDataSource{String}[2]" classname="contact.TestDepartment" time="0.343"/>
  <testcase name="createDepartbyDataSource{String, String, int}[1]" classname="contact.TestDepartment" time="0.393"/>
  <testcase name="createDepartbyDataSource{String, String, int}[2]" classname="contact.TestDepartment" time="0.34"/>
  <testcase name="createDepartbyDataSource{String, String, int}[3]" classname="contact.TestDepartment" time="0.3"/>
  <testcase name="createDepartbyDataSource{String, String, int}[4]" classname="contact.TestDepartment" time="0.325"/>
  <testcase name="listDepart" classname="contact.TestDepartment" time="0.359"/>
  <testcase name="createDepart" classname="contact.TestDepartment" time="0.31"/>
</testsuite>